# JRE version: Java(TM) SE Runtime Environment (8.0_91-b14) (build 1.8.0_91-b14)
# Java VM: Java HotSpot(TM) 64-Bit Server VM (25.91-b14 mixed mode linux-amd64 compressed oops)
Heap:
 PSYoungGen      total 223232K, used 0K [0x00000000eab00000, 0x0000000100000000, 0x0000000100000000)
  eden space 116736K, 0% used [0x00000000eab00000,0x00000000eab00000,0x00000000f1d00000)
  from space 106496K, 0% used [0x00000000f9800000,0x00000000f9800000,0x0000000100000000)
  to   space 116224K, 0% used [0x00000000f1d00000,0x00000000f1d00000,0x00000000f8e80000)
 ParOldGen       total 248320K, used 134639K [0x00000000c0000000, 0x00000000cf280000, 0x00000000eab00000)
  object space 248320K, 54% used [0x00000000c0000000,0x00000000c837bfe8,0x00000000cf280000)
 Metaspace       used 6421K, capacity 7192K, committed 7424K, reserved 1056768K
  class space    used 610K, capacity 656K, committed 768K, reserved 1048576K
GC Heap History (10 events):
Event: 8,569 GC heap after
Heap after GC invocations=8 (full 1):
 PSYoungGen      total 273408K, used 47081K [0x00000000eab00000, 0x0000000100000000, 0x0000000100000000)
  eden space 226304K, 0% used [0x00000000eab00000,0x00000000eab00000,0x00000000f8800000)
  from space 47104K, 99% used [0x00000000f8800000,0x00000000fb5fa7b8,0x00000000fb600000)
  to   space 75776K, 0% used [0x00000000fb600000,0x00000000fb600000,0x0000000100000000)
 ParOldGen       total 142336K, used 124575K [0x00000000c0000000, 0x00000000c8b00000, 0x00000000eab00000)
  object space 142336K, 87% used [0x00000000c0000000,0x00000000c79a7ec8,0x00000000c8b00000)
 Metaspace       used 6403K, capacity 7192K, committed 7424K, reserved 1056768K
  class space    used 610K, capacity 656K, committed 768K, reserved 1048576K
}
Event: 8,569 GC heap before
{Heap before GC invocations=9 (full 2):
 PSYoungGen      total 273408K, used 47081K [0x00000000eab00000, 0x0000000100000000, 0x0000000100000000)
  eden space 226304K, 0% used [0x00000000eab00000,0x00000000eab00000,0x00000000f8800000)
  from space 47104K, 99% used [0x00000000f8800000,0x00000000fb5fa7b8,0x00000000fb600000)
  to   space 75776K, 0% used [0x00000000fb600000,0x00000000fb600000,0x0000000100000000)
 ParOldGen       total 142336K, used 124575K [0x00000000c0000000, 0x00000000c8b00000, 0x00000000eab00000)
  object space 142336K, 87% used [0x00000000c0000000,0x00000000c79a7ec8,0x00000000c8b00000)
 Metaspace       used 6403K, capacity 7192K, committed 7424K, reserved 1056768K
  class space    used 610K, capacity 656K, committed 768K, reserved 1048576K
Event: 9,152 GC heap after
Heap after GC invocations=9 (full 2):
 PSYoungGen      total 273408K, used 0K [0x00000000eab00000, 0x0000000100000000, 0x0000000100000000)
  eden space 226304K, 0% used [0x00000000eab00000,0x00000000eab00000,0x00000000f8800000)
  from space 47104K, 0% used [0x00000000f8800000,0x00000000f8800000,0x00000000fb600000)
  to   space 75776K, 0% used [0x00000000fb600000,0x00000000fb600000,0x0000000100000000)
 ParOldGen       total 248320K, used 128215K [0x00000000c0000000, 0x00000000cf280000, 0x00000000eab00000)
  object space 248320K, 51% used [0x00000000c0000000,0x00000000c7d35e68,0x00000000cf280000)
 Metaspace       used 6403K, capacity 7192K, committed 7424K, reserved 1056768K
  class space    used 610K, capacity 656K, committed 768K, reserved 1048576K
}
Event: 9,557 GC heap before
{Heap before GC invocations=10 (full 2):
 PSYoungGen      total 273408K, used 226304K [0x00000000eab00000, 0x0000000100000000, 0x0000000100000000)
  eden space 226304K, 100% used [0x00000000eab00000,0x00000000f8800000,0x00000000f8800000)
  from space 47104K, 0% used [0x00000000f8800000,0x00000000f8800000,0x00000000fb600000)
  to   space 75776K, 0% used [0x00000000fb600000,0x00000000fb600000,0x0000000100000000)
 ParOldGen       total 248320K, used 128215K [0x00000000c0000000, 0x00000000cf280000, 0x00000000eab00000)
  object space 248320K, 51% used [0x00000000c0000000,0x00000000c7d35e68,0x00000000cf280000)
 Metaspace       used 6410K, capacity 7192K, committed 7424K, reserved 1056768K
  class space    used 610K, capacity 656K, committed 768K, reserved 1048576K
Event: 9,701 GC heap after
Heap after GC invocations=10 (full 2):
 PSYoungGen      total 211968K, used 75772K [0x00000000eab00000, 0x0000000100000000, 0x0000000100000000)
  eden space 136192K, 0% used [0x00000000eab00000,0x00000000eab00000,0x00000000f3000000)
  from space 75776K, 99% used [0x00000000fb600000,0x00000000fffff340,0x0000000100000000)
  to   space 106496K, 0% used [0x00000000f3000000,0x00000000f3000000,0x00000000f9800000)
 ParOldGen       total 248320K, used 141179K [0x00000000c0000000, 0x00000000cf280000, 0x00000000eab00000)
  object space 248320K, 56% used [0x00000000c0000000,0x00000000c89defa0,0x00000000cf280000)
 Metaspace       used 6410K, capacity 7192K, committed 7424K, reserved 1056768K
  class space    used 610K, capacity 656K, committed 768K, reserved 1048576K
}
Event: 10,228 GC heap before
{Heap before GC invocations=11 (full 2):
 PSYoungGen      total 211968K, used 211964K [0x00000000eab00000, 0x0000000100000000, 0x0000000100000000)
  eden space 136192K, 100% used [0x00000000eab00000,0x00000000f3000000,0x00000000f3000000)
  from space 75776K, 99% used [0x00000000fb600000,0x00000000fffff340,0x0000000100000000)
  to   space 106496K, 0% used [0x00000000f3000000,0x00000000f3000000,0x00000000f9800000)
 ParOldGen       total 248320K, used 141179K [0x00000000c0000000, 0x00000000cf280000, 0x00000000eab00000)
  object space 248320K, 56% used [0x00000000c0000000,0x00000000c89defa0,0x00000000cf280000)
 Metaspace       used 6417K, capacity 7192K, committed 7424K, reserved 1056768K
  class space    used 610K, capacity 656K, committed 768K, reserved 1048576K
Event: 10,385 GC heap after
Heap after GC invocations=11 (full 2):
 PSYoungGen      total 242688K, used 106471K [0x00000000eab00000, 0x0000000100000000, 0x0000000100000000)
  eden space 136192K, 0% used [0x00000000eab00000,0x00000000eab00000,0x00000000f3000000)
  from space 106496K, 99% used [0x00000000f3000000,0x00000000f97f9e00,0x00000000f9800000)
  to   space 106496K, 0% used [0x00000000f9800000,0x00000000f9800000,0x0000000100000000)
 ParOldGen       total 248320K, used 142510K [0x00000000c0000000, 0x00000000cf280000, 0x00000000eab00000)
  object space 248320K, 57% used [0x00000000c0000000,0x00000000c8b2ba80,0x00000000cf280000)
 Metaspace       used 6417K, capacity 7192K, committed 7424K, reserved 1056768K
  class space    used 610K, capacity 656K, committed 768K, reserved 1048576K
}
Event: 10,972 GC heap before
{Heap before GC invocations=12 (full 2):
 PSYoungGen      total 242688K, used 242663K [0x00000000eab00000, 0x0000000100000000, 0x0000000100000000)
  eden space 136192K, 100% used [0x00000000eab00000,0x00000000f3000000,0x00000000f3000000)
  from space 106496K, 99% used [0x00000000f3000000,0x00000000f97f9e00,0x00000000f9800000)
  to   space 106496K, 0% used [0x00000000f9800000,0x00000000f9800000,0x0000000100000000)
 ParOldGen       total 248320K, used 142510K [0x00000000c0000000, 0x00000000cf280000, 0x00000000eab00000)
  object space 248320K, 57% used [0x00000000c0000000,0x00000000c8b2ba80,0x00000000cf280000)
 Metaspace       used 6421K, capacity 7192K, committed 7424K, reserved 1056768K
  class space    used 610K, capacity 656K, committed 768K, reserved 1048576K
Event: 11,160 GC heap after
Heap after GC invocations=12 (full 2):
 PSYoungGen      total 223232K, used 92040K [0x00000000eab00000, 0x0000000100000000, 0x0000000100000000)
  eden space 116736K, 0% used [0x00000000eab00000,0x00000000eab00000,0x00000000f1d00000)
  from space 106496K, 86% used [0x00000000f9800000,0x00000000ff1e2050,0x0000000100000000)
  to   space 116224K, 0% used [0x00000000f1d00000,0x00000000f1d00000,0x00000000f8e80000)
 ParOldGen       total 248320K, used 214849K [0x00000000c0000000, 0x00000000cf280000, 0x00000000eab00000)
  object space 248320K, 86% used [0x00000000c0000000,0x00000000cd1d0790,0x00000000cf280000)
 Metaspace       used 6421K, capacity 7192K, committed 7424K, reserved 1056768K
  class space    used 610K, capacity 656K, committed 768K, reserved 1048576K
}
Event: 12,042 GC heap before
{Heap before GC invocations=13 (full 3):
 PSYoungGen      total 223232K, used 92040K [0x00000000eab00000, 0x0000000100000000, 0x0000000100000000)
  eden space 116736K, 0% used [0x00000000eab00000,0x00000000eab00000,0x00000000f1d00000)
  from space 106496K, 86% used [0x00000000f9800000,0x00000000ff1e2050,0x0000000100000000)
  to   space 116224K, 0% used [0x00000000f1d00000,0x00000000f1d00000,0x00000000f8e80000)
 ParOldGen       total 248320K, used 214849K [0x00000000c0000000, 0x00000000cf280000, 0x00000000eab00000)
  object space 248320K, 86% used [0x00000000c0000000,0x00000000cd1d0790,0x00000000cf280000)
 Metaspace       used 6421K, capacity 7192K, committed 7424K, reserved 1056768K
  class space    used 610K, capacity 656K, committed 768K, reserved 1048576K

